commit 5ebedee8ad0f727dd03b435d1dbe22ed0385417d
Author: Maya F <38202996+m-fuller@users.noreply.github.com>
Date:   Mon May 14 03:19:04 2018 -0700

    First use of MakeFile

commit cc314677dc2ae025772552f680f7f84f961347c8
Author: Maya F <38202996+m-fuller@users.noreply.github.com>
Date:   Mon May 14 02:59:21 2018 -0700

    Add assignment 4

commit 06dab4a6d599f8fb41b5691f42704023793b09c6
Author: Maya F <38202996+m-fuller@users.noreply.github.com>
Date:   Sat May 12 17:56:46 2018 -0700

    Add originally submitted files for assignment 3

commit 90fc462d144fb480d554dea7c583ae720cc29b25
Author: Maya F <38202996+m-fuller@users.noreply.github.com>
Date:   Sat May 12 17:23:38 2018 -0700

    Discuss concerns about Mars' climate for Mummy

commit 65175befdbfe7a0367655d58f1bba6fd3e638b7d
Author: Maya F <38202996+m-fuller@users.noreply.github.com>
Date:   Sat May 12 17:07:55 2018 -0700

    Add concerns about effects of Mars' moons on Wolfman

commit 12b684ce931b951875433a68e5a630410f9a6ed0
Author: Maya F <38202996+m-fuller@users.noreply.github.com>
Date:   Sat May 12 16:57:00 2018 -0700

    Start notes on Mars as a base
